<?xml version="1.0" encoding="UTF-8"?>
<!-- Generated by org.testng.reporters.JUnitReportReporter -->
<testsuite hostname="DESKTOP-KGJQLO1" failures="0" tests="2" name="org.getText.GetText" time="15.447" errors="0" timestamp="2023-01-11T21:04:25 IST" skipped="0">
  <testcase classname="org.getText.GetText" name="getText" time="9.877"/>
  <system-out/>
  <testcase classname="org.getText.GetText" name="listGetText" time="5.570"/>
  <system-out/>
</testsuite> <!-- org.getText.GetText -->
